0 info it worked if it ends with ok
1 verbose cli [ '/usr/local/Cellar/node/7.1.0/bin/node',
1 verbose cli   '/usr/local/bin/npm',
1 verbose cli   'install',
1 verbose cli   'memwatch' ]
2 info using npm@3.10.9
3 info using node@v7.1.0
4 silly loadCurrentTree Starting
5 silly install loadCurrentTree
6 silly install readLocalPackageData
7 silly fetchPackageMetaData memwatch
8 silly fetchNamedPackageData memwatch
9 silly mapToRegistry name memwatch
10 silly mapToRegistry using default registry
11 silly mapToRegistry registry https://registry.npmjs.org/
12 silly mapToRegistry data Result {
12 silly mapToRegistry   raw: 'memwatch',
12 silly mapToRegistry   scope: null,
12 silly mapToRegistry   escapedName: 'memwatch',
12 silly mapToRegistry   name: 'memwatch',
12 silly mapToRegistry   rawSpec: '',
12 silly mapToRegistry   spec: 'latest',
12 silly mapToRegistry   type: 'tag' }
13 silly mapToRegistry uri https://registry.npmjs.org/memwatch
14 verbose request uri https://registry.npmjs.org/memwatch
15 verbose request no auth needed
16 info attempt registry request try #1 at 4:35:50 PM
17 verbose request id 6c6777ff1b2b9f5c
18 verbose etag W/"59034082-93ad"
19 verbose lastModified Fri, 28 Apr 2017 13:15:46 GMT
20 http request GET https://registry.npmjs.org/memwatch
21 http 304 https://registry.npmjs.org/memwatch
22 verbose headers { date: 'Sat, 15 Jul 2017 09:35:51 GMT',
22 verbose headers   via: '1.1 varnish',
22 verbose headers   'cache-control': 'max-age=300',
22 verbose headers   etag: 'W/"59034082-93ad"',
22 verbose headers   age: '0',
22 verbose headers   connection: 'keep-alive',
22 verbose headers   'x-served-by': 'cache-hkg6821-HKG',
22 verbose headers   'x-cache': 'MISS',
22 verbose headers   'x-cache-hits': '0',
22 verbose headers   'x-timer': 'S1500111351.248281,VS0,VE203',
22 verbose headers   vary: 'Accept-Encoding, Accept' }
23 silly get cb [ 304,
23 silly get   { date: 'Sat, 15 Jul 2017 09:35:51 GMT',
23 silly get     via: '1.1 varnish',
23 silly get     'cache-control': 'max-age=300',
23 silly get     etag: 'W/"59034082-93ad"',
23 silly get     age: '0',
23 silly get     connection: 'keep-alive',
23 silly get     'x-served-by': 'cache-hkg6821-HKG',
23 silly get     'x-cache': 'MISS',
23 silly get     'x-cache-hits': '0',
23 silly get     'x-timer': 'S1500111351.248281,VS0,VE203',
23 silly get     vary: 'Accept-Encoding, Accept' } ]
24 verbose etag https://registry.npmjs.org/memwatch from cache
25 verbose get saving memwatch to /Users/haihuynh/.npm/registry.npmjs.org/memwatch/.cache.json
26 verbose correctMkdir /Users/haihuynh/.npm correctMkdir not in flight; initializing
27 silly install normalizeTree
28 silly loadCurrentTree Finishing
29 silly loadIdealTree Starting
30 silly install loadIdealTree
31 silly cloneCurrentTree Starting
32 silly install cloneCurrentTreeToIdealTree
33 silly cloneCurrentTree Finishing
34 silly loadShrinkwrap Starting
35 silly install loadShrinkwrap
36 silly loadShrinkwrap Finishing
37 silly loadAllDepsIntoIdealTree Starting
38 silly install loadAllDepsIntoIdealTree
39 silly resolveWithNewModule memwatch@0.2.2 checking installable status
40 silly cache add args [ 'memwatch', null ]
41 verbose cache add spec memwatch
42 silly cache add parsed spec Result {
42 silly cache add   raw: 'memwatch',
42 silly cache add   scope: null,
42 silly cache add   escapedName: 'memwatch',
42 silly cache add   name: 'memwatch',
42 silly cache add   rawSpec: '',
42 silly cache add   spec: 'latest',
42 silly cache add   type: 'tag' }
43 silly addNamed memwatch@latest
44 verbose addNamed "latest" is being treated as a dist-tag for memwatch
45 info addNameTag [ 'memwatch', 'latest' ]
46 silly mapToRegistry name memwatch
47 silly mapToRegistry using default registry
48 silly mapToRegistry registry https://registry.npmjs.org/
49 silly mapToRegistry data Result {
49 silly mapToRegistry   raw: 'memwatch',
49 silly mapToRegistry   scope: null,
49 silly mapToRegistry   escapedName: 'memwatch',
49 silly mapToRegistry   name: 'memwatch',
49 silly mapToRegistry   rawSpec: '',
49 silly mapToRegistry   spec: 'latest',
49 silly mapToRegistry   type: 'tag' }
50 silly mapToRegistry uri https://registry.npmjs.org/memwatch
51 verbose addNameTag registry:https://registry.npmjs.org/memwatch not in flight; fetching
52 verbose get https://registry.npmjs.org/memwatch not expired, no request
53 silly addNameTag next cb for memwatch with tag latest
54 silly addNamed memwatch@0.2.2
55 verbose addNamed "0.2.2" is a plain semver version for memwatch
56 silly cache afterAdd memwatch@0.2.2
57 verbose afterAdd /Users/haihuynh/.npm/memwatch/0.2.2/package/package.json not in flight; writing
58 verbose correctMkdir /Users/haihuynh/.npm correctMkdir not in flight; initializing
59 verbose afterAdd /Users/haihuynh/.npm/memwatch/0.2.2/package/package.json written
60 silly loadAllDepsIntoIdealTree Finishing
61 silly loadIdealTree Finishing
62 silly currentTree trade@1.0.0
62 silly currentTree ├── abbrev@1.1.0
62 silly currentTree ├── accepts@1.3.3
62 silly currentTree ├── ajv@4.11.8
62 silly currentTree ├── ansi-regex@2.1.1
62 silly currentTree ├── ansi-styles@2.2.1
62 silly currentTree ├── anymatch@1.3.0
62 silly currentTree ├── apn@2.1.4
62 silly currentTree ├── arr-diff@2.0.0
62 silly currentTree ├── arr-flatten@1.0.3
62 silly currentTree ├── array-flatten@1.1.1
62 silly currentTree ├── array-unique@0.2.1
62 silly currentTree ├── arrify@1.0.1
62 silly currentTree ├── asn1@0.2.3
62 silly currentTree ├── assert-plus@1.0.0
62 silly currentTree ├── async-each@1.0.1
62 silly currentTree ├── async@2.1.4
62 silly currentTree ├── asynckit@0.4.0
62 silly currentTree ├── aws-sign2@0.6.0
62 silly currentTree ├── aws4@1.6.0
62 silly currentTree ├── balanced-match@1.0.0
62 silly currentTree ├── base64url@2.0.0
62 silly currentTree ├── bcrypt-pbkdf@1.0.1
62 silly currentTree ├── binary-extensions@1.8.0
62 silly currentTree ├── bluebird@2.10.2
62 silly currentTree ├── body-parser@1.17.2
62 silly currentTree ├── boom@2.10.1
62 silly currentTree ├── brace-expansion@1.1.8
62 silly currentTree ├── braces@1.8.5
62 silly currentTree ├── bson@1.0.4
62 silly currentTree ├── buffer-equal-constant-time@1.0.1
62 silly currentTree ├── buffer-shims@1.0.0
62 silly currentTree ├── bytes@2.4.0
62 silly currentTree ├── caseless@0.12.0
62 silly currentTree ├── chalk@1.1.3
62 silly currentTree ├── chokidar@1.7.0
62 silly currentTree ├── co@4.6.0
62 silly currentTree ├── combined-stream@1.0.5
62 silly currentTree ├── concat-map@0.0.1
62 silly currentTree ├── configstore@1.4.0
62 silly currentTree ├── content-disposition@0.5.2
62 silly currentTree ├── content-type@1.0.2
62 silly currentTree ├── cookie-signature@1.0.6
62 silly currentTree ├── cookie@0.3.1
62 silly currentTree ├── core-util-is@1.0.2
62 silly currentTree ├── cryptiles@2.0.5
62 silly currentTree ├── dashdash@1.14.1
62 silly currentTree ├── debug@2.6.7
62 silly currentTree ├── deep-extend@0.4.2
62 silly currentTree ├── delayed-stream@1.0.0
62 silly currentTree ├── depd@1.1.0
62 silly currentTree ├── destroy@1.0.4
62 silly currentTree ├── duplexer@0.1.1
62 silly currentTree ├── duplexify@3.5.0
62 silly currentTree ├── ecc-jsbn@0.1.1
62 silly currentTree ├── ecdsa-sig-formatter@1.0.9
62 silly currentTree ├── ee-first@1.1.1
62 silly currentTree ├── encodeurl@1.0.1
62 silly currentTree ├── end-of-stream@1.0.0
62 silly currentTree ├── es6-promise@3.2.1
62 silly currentTree ├── escape-html@1.0.3
62 silly currentTree ├── escape-string-regexp@1.0.5
62 silly currentTree ├── etag@1.8.0
62 silly currentTree ├── event-stream@3.3.4
62 silly currentTree ├── expand-brackets@0.1.5
62 silly currentTree ├── expand-range@1.8.2
62 silly currentTree ├── express@4.15.3
62 silly currentTree ├── extend@3.0.1
62 silly currentTree ├── extglob@0.3.2
62 silly currentTree ├── extsprintf@1.3.0
62 silly currentTree ├── filename-regex@2.0.1
62 silly currentTree ├── fill-range@2.2.3
62 silly currentTree ├── finalhandler@1.0.3
62 silly currentTree ├── for-in@1.0.2
62 silly currentTree ├── for-own@0.1.5
62 silly currentTree ├── forever-agent@0.6.1
62 silly currentTree ├── form-data@2.1.4
62 silly currentTree ├── forwarded@0.1.0
62 silly currentTree ├── fresh@0.5.0
62 silly currentTree ├── from@0.1.7
62 silly currentTree ├─┬ fsevents@1.1.2
62 silly currentTree │ ├── abbrev@1.1.0
62 silly currentTree │ ├── ajv@4.11.8
62 silly currentTree │ ├── ansi-regex@2.1.1
62 silly currentTree │ ├── aproba@1.1.1
62 silly currentTree │ ├── are-we-there-yet@1.1.4
62 silly currentTree │ ├── asn1@0.2.3
62 silly currentTree │ ├── assert-plus@0.2.0
62 silly currentTree │ ├── asynckit@0.4.0
62 silly currentTree │ ├── aws-sign2@0.6.0
62 silly currentTree │ ├── aws4@1.6.0
62 silly currentTree │ ├── balanced-match@0.4.2
62 silly currentTree │ ├── bcrypt-pbkdf@1.0.1
62 silly currentTree │ ├── block-stream@0.0.9
62 silly currentTree │ ├── boom@2.10.1
62 silly currentTree │ ├── brace-expansion@1.1.7
62 silly currentTree │ ├── buffer-shims@1.0.0
62 silly currentTree │ ├── caseless@0.12.0
62 silly currentTree │ ├── co@4.6.0
62 silly currentTree │ ├── code-point-at@1.1.0
62 silly currentTree │ ├── combined-stream@1.0.5
62 silly currentTree │ ├── concat-map@0.0.1
62 silly currentTree │ ├── console-control-strings@1.1.0
62 silly currentTree │ ├── core-util-is@1.0.2
62 silly currentTree │ ├── cryptiles@2.0.5
62 silly currentTree │ ├─┬ dashdash@1.14.1
62 silly currentTree │ │ └── assert-plus@1.0.0
62 silly currentTree │ ├── debug@2.6.8
62 silly currentTree │ ├── deep-extend@0.4.2
62 silly currentTree │ ├── delayed-stream@1.0.0
62 silly currentTree │ ├── delegates@1.0.0
62 silly currentTree │ ├── ecc-jsbn@0.1.1
62 silly currentTree │ ├── extend@3.0.1
62 silly currentTree │ ├── extsprintf@1.0.2
62 silly currentTree │ ├── forever-agent@0.6.1
62 silly currentTree │ ├── form-data@2.1.4
62 silly currentTree │ ├── fs.realpath@1.0.0
62 silly currentTree │ ├── fstream-ignore@1.0.5
62 silly currentTree │ ├── fstream@1.0.11
62 silly currentTree │ ├── gauge@2.7.4
62 silly currentTree │ ├─┬ getpass@0.1.7
62 silly currentTree │ │ └── assert-plus@1.0.0
62 silly currentTree │ ├── glob@7.1.2
62 silly currentTree │ ├── graceful-fs@4.1.11
62 silly currentTree │ ├── har-schema@1.0.5
62 silly currentTree │ ├── har-validator@4.2.1
62 silly currentTree │ ├── has-unicode@2.0.1
62 silly currentTree │ ├── hawk@3.1.3
62 silly currentTree │ ├── hoek@2.16.3
62 silly currentTree │ ├── http-signature@1.1.1
62 silly currentTree │ ├── inflight@1.0.6
62 silly currentTree │ ├── inherits@2.0.3
62 silly currentTree │ ├── ini@1.3.4
62 silly currentTree │ ├── is-fullwidth-code-point@1.0.0
62 silly currentTree │ ├── is-typedarray@1.0.0
62 silly currentTree │ ├── isarray@1.0.0
62 silly currentTree │ ├── isstream@0.1.2
62 silly currentTree │ ├── jodid25519@1.0.2
62 silly currentTree │ ├── jsbn@0.1.1
62 silly currentTree │ ├── json-schema@0.2.3
62 silly currentTree │ ├── json-stable-stringify@1.0.1
62 silly currentTree │ ├── json-stringify-safe@5.0.1
62 silly currentTree │ ├── jsonify@0.0.0
62 silly currentTree │ ├─┬ jsprim@1.4.0
62 silly currentTree │ │ └── assert-plus@1.0.0
62 silly currentTree │ ├── mime-db@1.27.0
62 silly currentTree │ ├── mime-types@2.1.15
62 silly currentTree │ ├── minimatch@3.0.4
62 silly currentTree │ ├── minimist@0.0.8
62 silly currentTree │ ├── mkdirp@0.5.1
62 silly currentTree │ ├── ms@2.0.0
62 silly currentTree │ ├── node-pre-gyp@0.6.36
62 silly currentTree │ ├── nopt@4.0.1
62 silly currentTree │ ├── npmlog@4.1.0
62 silly currentTree │ ├── number-is-nan@1.0.1
62 silly currentTree │ ├── oauth-sign@0.8.2
62 silly currentTree │ ├── object-assign@4.1.1
62 silly currentTree │ ├── once@1.4.0
62 silly currentTree │ ├── os-homedir@1.0.2
62 silly currentTree │ ├── os-tmpdir@1.0.2
62 silly currentTree │ ├── osenv@0.1.4
62 silly currentTree │ ├── path-is-absolute@1.0.1
62 silly currentTree │ ├── performance-now@0.2.0
62 silly currentTree │ ├── process-nextick-args@1.0.7
62 silly currentTree │ ├── punycode@1.4.1
62 silly currentTree │ ├── qs@6.4.0
62 silly currentTree │ ├─┬ rc@1.2.1
62 silly currentTree │ │ └── minimist@1.2.0
62 silly currentTree │ ├── readable-stream@2.2.9
62 silly currentTree │ ├── request@2.81.0
62 silly currentTree │ ├── rimraf@2.6.1
62 silly currentTree │ ├── safe-buffer@5.0.1
62 silly currentTree │ ├── semver@5.3.0
62 silly currentTree │ ├── set-blocking@2.0.0
62 silly currentTree │ ├── signal-exit@3.0.2
62 silly currentTree │ ├── sntp@1.0.9
62 silly currentTree │ ├─┬ sshpk@1.13.0
62 silly currentTree │ │ └── assert-plus@1.0.0
62 silly currentTree │ ├── string_decoder@1.0.1
62 silly currentTree │ ├── string-width@1.0.2
62 silly currentTree │ ├── stringstream@0.0.5
62 silly currentTree │ ├── strip-ansi@3.0.1
62 silly currentTree │ ├── strip-json-comments@2.0.1
62 silly currentTree │ ├── tar-pack@3.4.0
62 silly currentTree │ ├── tar@2.2.1
62 silly currentTree │ ├── tough-cookie@2.3.2
62 silly currentTree │ ├── tunnel-agent@0.6.0
62 silly currentTree │ ├── tweetnacl@0.14.5
62 silly currentTree │ ├── uid-number@0.0.6
62 silly currentTree │ ├── util-deprecate@1.0.2
62 silly currentTree │ ├── uuid@3.0.1
62 silly currentTree │ ├── verror@1.3.6
62 silly currentTree │ ├── wide-align@1.1.2
62 silly currentTree │ └── wrappy@1.0.2
62 silly currentTree ├── getpass@0.1.7
62 silly currentTree ├── glob-base@0.3.0
62 silly currentTree ├── glob-parent@2.0.0
62 silly currentTree ├─┬ got@3.3.1
62 silly currentTree │ └── object-assign@3.0.0
62 silly currentTree ├── graceful-fs@4.1.11
62 silly currentTree ├── har-schema@1.0.5
62 silly currentTree ├── har-validator@4.2.1
62 silly currentTree ├── has-ansi@2.0.0
62 silly currentTree ├── hawk@3.1.3
62 silly currentTree ├── hoek@2.16.3
62 silly currentTree ├── hooks-fixed@2.0.0
62 silly currentTree ├── http-errors@1.6.1
62 silly currentTree ├─┬ http-signature@1.1.1
62 silly currentTree │ └── assert-plus@0.2.0
62 silly currentTree ├── http2@3.3.6
62 silly currentTree ├── iconv-lite@0.4.15
62 silly currentTree ├── ignore-by-default@1.0.1
62 silly currentTree ├── imurmurhash@0.1.4
62 silly currentTree ├── infinity-agent@2.0.3
62 silly currentTree ├── inherits@2.0.3
62 silly currentTree ├── ini@1.3.4
62 silly currentTree ├── ipaddr.js@1.3.0
62 silly currentTree ├── is-binary-path@1.0.1
62 silly currentTree ├── is-buffer@1.1.5
62 silly currentTree ├── is-dotfile@1.0.3
62 silly currentTree ├── is-equal-shallow@0.1.3
62 silly currentTree ├── is-extendable@0.1.1
62 silly currentTree ├── is-extglob@1.0.0
62 silly currentTree ├── is-finite@1.0.2
62 silly currentTree ├── is-glob@2.0.1
62 silly currentTree ├── is-npm@1.0.0
62 silly currentTree ├── is-number@2.1.0
62 silly currentTree ├── is-posix-bracket@0.1.1
62 silly currentTree ├── is-primitive@2.0.0
62 silly currentTree ├── is-redirect@1.0.0
62 silly currentTree ├── is-stream@1.1.0
62 silly currentTree ├── is-typedarray@1.0.0
62 silly currentTree ├── isarray@1.0.0
62 silly currentTree ├── isemail@1.2.0
62 silly currentTree ├── isobject@2.1.0
62 silly currentTree ├── isstream@0.1.2
62 silly currentTree ├── joi@6.10.1
62 silly currentTree ├── jsbn@0.1.1
62 silly currentTree ├── json-schema@0.2.3
62 silly currentTree ├── json-stable-stringify@1.0.1
62 silly currentTree ├── json-stringify-safe@5.0.1
62 silly currentTree ├── jsonic@0.3.0
62 silly currentTree ├── jsonify@0.0.0
62 silly currentTree ├── jsonparse@1.3.1
62 silly currentTree ├── JSONStream@1.3.1
62 silly currentTree ├── jsonwebtoken@7.4.1
62 silly currentTree ├─┬ jsprim@1.4.0
62 silly currentTree │ ├── extsprintf@1.0.2
62 silly currentTree │ └── verror@1.3.6
62 silly currentTree ├── jwa@1.1.5
62 silly currentTree ├── jws@3.1.4
62 silly currentTree ├── kareem@1.4.1
62 silly currentTree ├── kind-of@3.2.2
62 silly currentTree ├── latest-version@1.0.1
62 silly currentTree ├── lodash._baseassign@3.2.0
62 silly currentTree ├── lodash._basecopy@3.0.1
62 silly currentTree ├── lodash._bindcallback@3.0.1
62 silly currentTree ├── lodash._createassigner@3.1.1
62 silly currentTree ├── lodash._getnative@3.9.1
62 silly currentTree ├── lodash._isiterateecall@3.0.9
62 silly currentTree ├── lodash.assign@3.2.0
62 silly currentTree ├── lodash.defaults@3.1.2
62 silly currentTree ├── lodash.isarguments@3.1.0
62 silly currentTree ├── lodash.isarray@3.0.4
62 silly currentTree ├── lodash.keys@3.1.2
62 silly currentTree ├── lodash.once@4.1.1
62 silly currentTree ├── lodash.restparam@3.6.1
62 silly currentTree ├── lodash@4.17.4
62 silly currentTree ├── lowercase-keys@1.0.0
62 silly currentTree ├── map-stream@0.1.0
62 silly currentTree ├── media-typer@0.3.0
62 silly currentTree ├── merge-descriptors@1.0.1
62 silly currentTree ├── methods@1.1.2
62 silly currentTree ├── micromatch@2.3.11
62 silly currentTree ├── mime-db@1.27.0
62 silly currentTree ├── mime-types@2.1.15
62 silly currentTree ├── mime@1.3.4
62 silly currentTree ├── minimatch@3.0.4
62 silly currentTree ├── minimist@0.0.8
62 silly currentTree ├── mkdirp@0.5.1
62 silly currentTree ├── moment@2.18.1
62 silly currentTree ├── mongodb-core@2.1.11
62 silly currentTree ├── mongodb@2.2.27
62 silly currentTree ├── mongoose@4.11.0
62 silly currentTree ├── mpath@0.3.0
62 silly currentTree ├── mpromise@0.5.5
62 silly currentTree ├─┬ mquery@2.3.1
62 silly currentTree │ ├── debug@2.6.8
62 silly currentTree │ └── sliced@0.0.5
62 silly currentTree ├── ms@2.0.0
62 silly currentTree ├── muri@1.2.1
62 silly currentTree ├── nan@2.6.2
62 silly currentTree ├── negotiator@0.6.1
62 silly currentTree ├── nested-error-stacks@1.0.2
62 silly currentTree ├── node-forge@0.6.49
62 silly currentTree ├── node.bittrex.api@0.3.2
62 silly currentTree ├── nodemon@1.11.0
62 silly currentTree ├── nonce@1.0.4
62 silly currentTree ├── nopt@1.0.10
62 silly currentTree ├── normalize-path@2.1.1
62 silly currentTree ├── number-is-nan@1.0.1
62 silly currentTree ├── oauth-sign@0.8.2
62 silly currentTree ├── object-assign@4.1.1
62 silly currentTree ├── object.omit@2.0.1
62 silly currentTree ├── on-finished@2.3.0
62 silly currentTree ├── once@1.3.3
62 silly currentTree ├── os-homedir@1.0.2
62 silly currentTree ├── os-tmpdir@1.0.2
62 silly currentTree ├── osenv@0.1.4
62 silly currentTree ├── package-json@1.2.0
62 silly currentTree ├── parse-glob@3.0.4
62 silly currentTree ├── parseurl@1.3.1
62 silly currentTree ├── path-is-absolute@1.0.1
62 silly currentTree ├── path-to-regexp@0.1.7
62 silly currentTree ├── pause-stream@0.0.11
62 silly currentTree ├── performance-now@0.2.0
62 silly currentTree ├── pinkie-promise@2.0.1
62 silly currentTree ├── pinkie@2.0.4
62 silly currentTree ├─┬ poloniex-api-node@1.2.0
62 silly currentTree │ └── debug@2.6.8
62 silly currentTree ├── prepend-http@1.0.4
62 silly currentTree ├── preserve@0.2.0
62 silly currentTree ├── process-nextick-args@1.0.7
62 silly currentTree ├── proxy-addr@1.1.4
62 silly currentTree ├── ps-tree@1.1.0
62 silly currentTree ├── punycode@1.4.1
62 silly currentTree ├── qs@6.4.0
62 silly currentTree ├─┬ randomatic@1.1.7
62 silly currentTree │ ├─┬ is-number@3.0.0
62 silly currentTree │ │ └── kind-of@3.2.2
62 silly currentTree │ └── kind-of@4.0.0
62 silly currentTree ├── range-parser@1.2.0
62 silly currentTree ├── raw-body@2.2.0
62 silly currentTree ├─┬ rc@1.2.1
62 silly currentTree │ └── minimist@1.2.0
62 silly currentTree ├── read-all-stream@3.1.0
62 silly currentTree ├── readable-stream@2.2.7
62 silly currentTree ├── readdirp@2.1.0
62 silly currentTree ├── regex-cache@0.4.3
62 silly currentTree ├── regexp-clone@0.0.1
62 silly currentTree ├── registry-url@3.1.0
62 silly currentTree ├── remove-trailing-separator@1.0.2
62 silly currentTree ├── repeat-element@1.1.2
62 silly currentTree ├── repeat-string@1.6.1
62 silly currentTree ├── repeating@1.1.3
62 silly currentTree ├─┬ request@2.81.0
62 silly currentTree │ └── uuid@3.1.0
62 silly currentTree ├── require_optional@1.0.1
62 silly currentTree ├── resolve-from@2.0.0
62 silly currentTree ├── safe-buffer@5.1.1
62 silly currentTree ├── semver-diff@2.1.0
62 silly currentTree ├── semver@5.3.0
62 silly currentTree ├── send@0.15.3
62 silly currentTree ├── serve-static@1.12.3
62 silly currentTree ├── set-immediate-shim@1.0.1
62 silly currentTree ├── setprototypeof@1.0.3
62 silly currentTree ├── signalr-client@0.0.17
62 silly currentTree ├── sliced@1.0.1
62 silly currentTree ├── slide@1.1.6
62 silly currentTree ├── sntp@1.0.9
62 silly currentTree ├── split@0.3.3
62 silly currentTree ├── sshpk@1.13.1
62 silly currentTree ├── statuses@1.3.1
62 silly currentTree ├── stream-combiner@0.0.4
62 silly currentTree ├── stream-shift@1.0.0
62 silly currentTree ├── string_decoder@1.0.3
62 silly currentTree ├── string-length@1.0.1
62 silly currentTree ├── stringstream@0.0.5
62 silly currentTree ├── strip-ansi@3.0.1
62 silly currentTree ├── strip-json-comments@2.0.1
62 silly currentTree ├── supports-color@2.0.0
62 silly currentTree ├── through@2.3.8
62 silly currentTree ├── timed-out@2.0.0
62 silly currentTree ├── topo@1.1.0
62 silly currentTree ├── touch@1.0.0
62 silly currentTree ├── tough-cookie@2.3.2
62 silly currentTree ├── tunnel-agent@0.6.0
62 silly currentTree ├── tweetnacl@0.14.5
62 silly currentTree ├── type-is@1.6.15
62 silly currentTree ├── typedarray-to-buffer@3.1.2
62 silly currentTree ├── undefsafe@0.0.3
62 silly currentTree ├── unpipe@1.0.0
62 silly currentTree ├── update-notifier@0.5.0
62 silly currentTree ├── util-deprecate@1.0.2
62 silly currentTree ├── utils-merge@1.0.0
62 silly currentTree ├── uuid@2.0.3
62 silly currentTree ├── vary@1.1.1
62 silly currentTree ├── verror@1.10.0
62 silly currentTree ├── websocket@1.0.24
62 silly currentTree ├── wrappy@1.0.2
62 silly currentTree ├── write-file-atomic@1.3.4
62 silly currentTree ├── xdg-basedir@2.0.0
62 silly currentTree ├── xtend@4.0.1
62 silly currentTree └── yaeti@0.0.6
63 silly idealTree trade@1.0.0
63 silly idealTree ├── abbrev@1.1.0
63 silly idealTree ├── accepts@1.3.3
63 silly idealTree ├── ajv@4.11.8
63 silly idealTree ├── ansi-regex@2.1.1
63 silly idealTree ├── ansi-styles@2.2.1
63 silly idealTree ├── anymatch@1.3.0
63 silly idealTree ├── apn@2.1.4
63 silly idealTree ├── arr-diff@2.0.0
63 silly idealTree ├── arr-flatten@1.0.3
63 silly idealTree ├── array-flatten@1.1.1
63 silly idealTree ├── array-unique@0.2.1
63 silly idealTree ├── arrify@1.0.1
63 silly idealTree ├── asn1@0.2.3
63 silly idealTree ├── assert-plus@1.0.0
63 silly idealTree ├── async-each@1.0.1
63 silly idealTree ├── async@2.1.4
63 silly idealTree ├── asynckit@0.4.0
63 silly idealTree ├── aws-sign2@0.6.0
63 silly idealTree ├── aws4@1.6.0
63 silly idealTree ├── balanced-match@1.0.0
63 silly idealTree ├── base64url@2.0.0
63 silly idealTree ├── bcrypt-pbkdf@1.0.1
63 silly idealTree ├── binary-extensions@1.8.0
63 silly idealTree ├── bluebird@2.10.2
63 silly idealTree ├── body-parser@1.17.2
63 silly idealTree ├── boom@2.10.1
63 silly idealTree ├── brace-expansion@1.1.8
63 silly idealTree ├── braces@1.8.5
63 silly idealTree ├── bson@1.0.4
63 silly idealTree ├── buffer-equal-constant-time@1.0.1
63 silly idealTree ├── buffer-shims@1.0.0
63 silly idealTree ├── bytes@2.4.0
63 silly idealTree ├── caseless@0.12.0
63 silly idealTree ├── chalk@1.1.3
63 silly idealTree ├── chokidar@1.7.0
63 silly idealTree ├── co@4.6.0
63 silly idealTree ├── combined-stream@1.0.5
63 silly idealTree ├── concat-map@0.0.1
63 silly idealTree ├── configstore@1.4.0
63 silly idealTree ├── content-disposition@0.5.2
63 silly idealTree ├── content-type@1.0.2
63 silly idealTree ├── cookie-signature@1.0.6
63 silly idealTree ├── cookie@0.3.1
63 silly idealTree ├── core-util-is@1.0.2
63 silly idealTree ├── cryptiles@2.0.5
63 silly idealTree ├── dashdash@1.14.1
63 silly idealTree ├── debug@2.6.7
63 silly idealTree ├── deep-extend@0.4.2
63 silly idealTree ├── delayed-stream@1.0.0
63 silly idealTree ├── depd@1.1.0
63 silly idealTree ├── destroy@1.0.4
63 silly idealTree ├── duplexer@0.1.1
63 silly idealTree ├── duplexify@3.5.0
63 silly idealTree ├── ecc-jsbn@0.1.1
63 silly idealTree ├── ecdsa-sig-formatter@1.0.9
63 silly idealTree ├── ee-first@1.1.1
63 silly idealTree ├── encodeurl@1.0.1
63 silly idealTree ├── end-of-stream@1.0.0
63 silly idealTree ├── es6-promise@3.2.1
63 silly idealTree ├── escape-html@1.0.3
63 silly idealTree ├── escape-string-regexp@1.0.5
63 silly idealTree ├── etag@1.8.0
63 silly idealTree ├── event-stream@3.3.4
63 silly idealTree ├── expand-brackets@0.1.5
63 silly idealTree ├── expand-range@1.8.2
63 silly idealTree ├── express@4.15.3
63 silly idealTree ├── extend@3.0.1
63 silly idealTree ├── extglob@0.3.2
63 silly idealTree ├── extsprintf@1.3.0
63 silly idealTree ├── filename-regex@2.0.1
63 silly idealTree ├── fill-range@2.2.3
63 silly idealTree ├── finalhandler@1.0.3
63 silly idealTree ├── for-in@1.0.2
63 silly idealTree ├── for-own@0.1.5
63 silly idealTree ├── forever-agent@0.6.1
63 silly idealTree ├── form-data@2.1.4
63 silly idealTree ├── forwarded@0.1.0
63 silly idealTree ├── fresh@0.5.0
63 silly idealTree ├── from@0.1.7
63 silly idealTree ├─┬ fsevents@1.1.2
63 silly idealTree │ ├── abbrev@1.1.0
63 silly idealTree │ ├── ajv@4.11.8
63 silly idealTree │ ├── ansi-regex@2.1.1
63 silly idealTree │ ├── aproba@1.1.1
63 silly idealTree │ ├── are-we-there-yet@1.1.4
63 silly idealTree │ ├── asn1@0.2.3
63 silly idealTree │ ├── assert-plus@0.2.0
63 silly idealTree │ ├── asynckit@0.4.0
63 silly idealTree │ ├── aws-sign2@0.6.0
63 silly idealTree │ ├── aws4@1.6.0
63 silly idealTree │ ├── balanced-match@0.4.2
63 silly idealTree │ ├── bcrypt-pbkdf@1.0.1
63 silly idealTree │ ├── block-stream@0.0.9
63 silly idealTree │ ├── boom@2.10.1
63 silly idealTree │ ├── brace-expansion@1.1.7
63 silly idealTree │ ├── buffer-shims@1.0.0
63 silly idealTree │ ├── caseless@0.12.0
63 silly idealTree │ ├── co@4.6.0
63 silly idealTree │ ├── code-point-at@1.1.0
63 silly idealTree │ ├── combined-stream@1.0.5
63 silly idealTree │ ├── concat-map@0.0.1
63 silly idealTree │ ├── console-control-strings@1.1.0
63 silly idealTree │ ├── core-util-is@1.0.2
63 silly idealTree │ ├── cryptiles@2.0.5
63 silly idealTree │ ├─┬ dashdash@1.14.1
63 silly idealTree │ │ └── assert-plus@1.0.0
63 silly idealTree │ ├── debug@2.6.8
63 silly idealTree │ ├── deep-extend@0.4.2
63 silly idealTree │ ├── delayed-stream@1.0.0
63 silly idealTree │ ├── delegates@1.0.0
63 silly idealTree │ ├── ecc-jsbn@0.1.1
63 silly idealTree │ ├── extend@3.0.1
63 silly idealTree │ ├── extsprintf@1.0.2
63 silly idealTree │ ├── forever-agent@0.6.1
63 silly idealTree │ ├── form-data@2.1.4
63 silly idealTree │ ├── fs.realpath@1.0.0
63 silly idealTree │ ├── fstream-ignore@1.0.5
63 silly idealTree │ ├── fstream@1.0.11
63 silly idealTree │ ├── gauge@2.7.4
63 silly idealTree │ ├─┬ getpass@0.1.7
63 silly idealTree │ │ └── assert-plus@1.0.0
63 silly idealTree │ ├── glob@7.1.2
63 silly idealTree │ ├── graceful-fs@4.1.11
63 silly idealTree │ ├── har-schema@1.0.5
63 silly idealTree │ ├── har-validator@4.2.1
63 silly idealTree │ ├── has-unicode@2.0.1
63 silly idealTree │ ├── hawk@3.1.3
63 silly idealTree │ ├── hoek@2.16.3
63 silly idealTree │ ├── http-signature@1.1.1
63 silly idealTree │ ├── inflight@1.0.6
63 silly idealTree │ ├── inherits@2.0.3
63 silly idealTree │ ├── ini@1.3.4
63 silly idealTree │ ├── is-fullwidth-code-point@1.0.0
63 silly idealTree │ ├── is-typedarray@1.0.0
63 silly idealTree │ ├── isarray@1.0.0
63 silly idealTree │ ├── isstream@0.1.2
63 silly idealTree │ ├── jodid25519@1.0.2
63 silly idealTree │ ├── jsbn@0.1.1
63 silly idealTree │ ├── json-schema@0.2.3
63 silly idealTree │ ├── json-stable-stringify@1.0.1
63 silly idealTree │ ├── json-stringify-safe@5.0.1
63 silly idealTree │ ├── jsonify@0.0.0
63 silly idealTree │ ├─┬ jsprim@1.4.0
63 silly idealTree │ │ └── assert-plus@1.0.0
63 silly idealTree │ ├── mime-db@1.27.0
63 silly idealTree │ ├── mime-types@2.1.15
63 silly idealTree │ ├── minimatch@3.0.4
63 silly idealTree │ ├── minimist@0.0.8
63 silly idealTree │ ├── mkdirp@0.5.1
63 silly idealTree │ ├── ms@2.0.0
63 silly idealTree │ ├── node-pre-gyp@0.6.36
63 silly idealTree │ ├── nopt@4.0.1
63 silly idealTree │ ├── npmlog@4.1.0
63 silly idealTree │ ├── number-is-nan@1.0.1
63 silly idealTree │ ├── oauth-sign@0.8.2
63 silly idealTree │ ├── object-assign@4.1.1
63 silly idealTree │ ├── once@1.4.0
63 silly idealTree │ ├── os-homedir@1.0.2
63 silly idealTree │ ├── os-tmpdir@1.0.2
63 silly idealTree │ ├── osenv@0.1.4
63 silly idealTree │ ├── path-is-absolute@1.0.1
63 silly idealTree │ ├── performance-now@0.2.0
63 silly idealTree │ ├── process-nextick-args@1.0.7
63 silly idealTree │ ├── punycode@1.4.1
63 silly idealTree │ ├── qs@6.4.0
63 silly idealTree │ ├─┬ rc@1.2.1
63 silly idealTree │ │ └── minimist@1.2.0
63 silly idealTree │ ├── readable-stream@2.2.9
63 silly idealTree │ ├── request@2.81.0
63 silly idealTree │ ├── rimraf@2.6.1
63 silly idealTree │ ├── safe-buffer@5.0.1
63 silly idealTree │ ├── semver@5.3.0
63 silly idealTree │ ├── set-blocking@2.0.0
63 silly idealTree │ ├── signal-exit@3.0.2
63 silly idealTree │ ├── sntp@1.0.9
63 silly idealTree │ ├─┬ sshpk@1.13.0
63 silly idealTree │ │ └── assert-plus@1.0.0
63 silly idealTree │ ├── string_decoder@1.0.1
63 silly idealTree │ ├── string-width@1.0.2
63 silly idealTree │ ├── stringstream@0.0.5
63 silly idealTree │ ├── strip-ansi@3.0.1
63 silly idealTree │ ├── strip-json-comments@2.0.1
63 silly idealTree │ ├── tar-pack@3.4.0
63 silly idealTree │ ├── tar@2.2.1
63 silly idealTree │ ├── tough-cookie@2.3.2
63 silly idealTree │ ├── tunnel-agent@0.6.0
63 silly idealTree │ ├── tweetnacl@0.14.5
63 silly idealTree │ ├── uid-number@0.0.6
63 silly idealTree │ ├── util-deprecate@1.0.2
63 silly idealTree │ ├── uuid@3.0.1
63 silly idealTree │ ├── verror@1.3.6
63 silly idealTree │ ├── wide-align@1.1.2
63 silly idealTree │ └── wrappy@1.0.2
63 silly idealTree ├── getpass@0.1.7
63 silly idealTree ├── glob-base@0.3.0
63 silly idealTree ├── glob-parent@2.0.0
63 silly idealTree ├─┬ got@3.3.1
63 silly idealTree │ └── object-assign@3.0.0
63 silly idealTree ├── graceful-fs@4.1.11
63 silly idealTree ├── har-schema@1.0.5
63 silly idealTree ├── har-validator@4.2.1
63 silly idealTree ├── has-ansi@2.0.0
63 silly idealTree ├── hawk@3.1.3
63 silly idealTree ├── hoek@2.16.3
63 silly idealTree ├── hooks-fixed@2.0.0
63 silly idealTree ├── http-errors@1.6.1
63 silly idealTree ├─┬ http-signature@1.1.1
63 silly idealTree │ └── assert-plus@0.2.0
63 silly idealTree ├── http2@3.3.6
63 silly idealTree ├── iconv-lite@0.4.15
63 silly idealTree ├── ignore-by-default@1.0.1
63 silly idealTree ├── imurmurhash@0.1.4
63 silly idealTree ├── infinity-agent@2.0.3
63 silly idealTree ├── inherits@2.0.3
63 silly idealTree ├── ini@1.3.4
63 silly idealTree ├── ipaddr.js@1.3.0
63 silly idealTree ├── is-binary-path@1.0.1
63 silly idealTree ├── is-buffer@1.1.5
63 silly idealTree ├── is-dotfile@1.0.3
63 silly idealTree ├── is-equal-shallow@0.1.3
63 silly idealTree ├── is-extendable@0.1.1
63 silly idealTree ├── is-extglob@1.0.0
63 silly idealTree ├── is-finite@1.0.2
63 silly idealTree ├── is-glob@2.0.1
63 silly idealTree ├── is-npm@1.0.0
63 silly idealTree ├── is-number@2.1.0
63 silly idealTree ├── is-posix-bracket@0.1.1
63 silly idealTree ├── is-primitive@2.0.0
63 silly idealTree ├── is-redirect@1.0.0
63 silly idealTree ├── is-stream@1.1.0
63 silly idealTree ├── is-typedarray@1.0.0
63 silly idealTree ├── isarray@1.0.0
63 silly idealTree ├── isemail@1.2.0
63 silly idealTree ├── isobject@2.1.0
63 silly idealTree ├── isstream@0.1.2
63 silly idealTree ├── joi@6.10.1
63 silly idealTree ├── jsbn@0.1.1
63 silly idealTree ├── json-schema@0.2.3
63 silly idealTree ├── json-stable-stringify@1.0.1
63 silly idealTree ├── json-stringify-safe@5.0.1
63 silly idealTree ├── jsonic@0.3.0
63 silly idealTree ├── jsonify@0.0.0
63 silly idealTree ├── jsonparse@1.3.1
63 silly idealTree ├── JSONStream@1.3.1
63 silly idealTree ├── jsonwebtoken@7.4.1
63 silly idealTree ├─┬ jsprim@1.4.0
63 silly idealTree │ ├── extsprintf@1.0.2
63 silly idealTree │ └── verror@1.3.6
63 silly idealTree ├── jwa@1.1.5
63 silly idealTree ├── jws@3.1.4
63 silly idealTree ├── kareem@1.4.1
63 silly idealTree ├── kind-of@3.2.2
63 silly idealTree ├── latest-version@1.0.1
63 silly idealTree ├── lodash._baseassign@3.2.0
63 silly idealTree ├── lodash._basecopy@3.0.1
63 silly idealTree ├── lodash._bindcallback@3.0.1
63 silly idealTree ├── lodash._createassigner@3.1.1
63 silly idealTree ├── lodash._getnative@3.9.1
63 silly idealTree ├── lodash._isiterateecall@3.0.9
63 silly idealTree ├── lodash.assign@3.2.0
63 silly idealTree ├── lodash.defaults@3.1.2
63 silly idealTree ├── lodash.isarguments@3.1.0
63 silly idealTree ├── lodash.isarray@3.0.4
63 silly idealTree ├── lodash.keys@3.1.2
63 silly idealTree ├── lodash.once@4.1.1
63 silly idealTree ├── lodash.restparam@3.6.1
63 silly idealTree ├── lodash@4.17.4
63 silly idealTree ├── lowercase-keys@1.0.0
63 silly idealTree ├── map-stream@0.1.0
63 silly idealTree ├── media-typer@0.3.0
63 silly idealTree ├── memwatch@0.2.2
63 silly idealTree ├── merge-descriptors@1.0.1
63 silly idealTree ├── methods@1.1.2
63 silly idealTree ├── micromatch@2.3.11
63 silly idealTree ├── mime-db@1.27.0
63 silly idealTree ├── mime-types@2.1.15
63 silly idealTree ├── mime@1.3.4
63 silly idealTree ├── minimatch@3.0.4
63 silly idealTree ├── minimist@0.0.8
63 silly idealTree ├── mkdirp@0.5.1
63 silly idealTree ├── moment@2.18.1
63 silly idealTree ├── mongodb-core@2.1.11
63 silly idealTree ├── mongodb@2.2.27
63 silly idealTree ├── mongoose@4.11.0
63 silly idealTree ├── mpath@0.3.0
63 silly idealTree ├── mpromise@0.5.5
63 silly idealTree ├─┬ mquery@2.3.1
63 silly idealTree │ ├── debug@2.6.8
63 silly idealTree │ └── sliced@0.0.5
63 silly idealTree ├── ms@2.0.0
63 silly idealTree ├── muri@1.2.1
63 silly idealTree ├── nan@2.6.2
63 silly idealTree ├── negotiator@0.6.1
63 silly idealTree ├── nested-error-stacks@1.0.2
63 silly idealTree ├── node-forge@0.6.49
63 silly idealTree ├── node.bittrex.api@0.3.2
63 silly idealTree ├── nodemon@1.11.0
63 silly idealTree ├── nonce@1.0.4
63 silly idealTree ├── nopt@1.0.10
63 silly idealTree ├── normalize-path@2.1.1
63 silly idealTree ├── number-is-nan@1.0.1
63 silly idealTree ├── oauth-sign@0.8.2
63 silly idealTree ├── object-assign@4.1.1
63 silly idealTree ├── object.omit@2.0.1
63 silly idealTree ├── on-finished@2.3.0
63 silly idealTree ├── once@1.3.3
63 silly idealTree ├── os-homedir@1.0.2
63 silly idealTree ├── os-tmpdir@1.0.2
63 silly idealTree ├── osenv@0.1.4
63 silly idealTree ├── package-json@1.2.0
63 silly idealTree ├── parse-glob@3.0.4
63 silly idealTree ├── parseurl@1.3.1
63 silly idealTree ├── path-is-absolute@1.0.1
63 silly idealTree ├── path-to-regexp@0.1.7
63 silly idealTree ├── pause-stream@0.0.11
63 silly idealTree ├── performance-now@0.2.0
63 silly idealTree ├── pinkie-promise@2.0.1
63 silly idealTree ├── pinkie@2.0.4
63 silly idealTree ├─┬ poloniex-api-node@1.2.0
63 silly idealTree │ └── debug@2.6.8
63 silly idealTree ├── prepend-http@1.0.4
63 silly idealTree ├── preserve@0.2.0
63 silly idealTree ├── process-nextick-args@1.0.7
63 silly idealTree ├── proxy-addr@1.1.4
63 silly idealTree ├── ps-tree@1.1.0
63 silly idealTree ├── punycode@1.4.1
63 silly idealTree ├── qs@6.4.0
63 silly idealTree ├─┬ randomatic@1.1.7
63 silly idealTree │ ├─┬ is-number@3.0.0
63 silly idealTree │ │ └── kind-of@3.2.2
63 silly idealTree │ └── kind-of@4.0.0
63 silly idealTree ├── range-parser@1.2.0
63 silly idealTree ├── raw-body@2.2.0
63 silly idealTree ├─┬ rc@1.2.1
63 silly idealTree │ └── minimist@1.2.0
63 silly idealTree ├── read-all-stream@3.1.0
63 silly idealTree ├── readable-stream@2.2.7
63 silly idealTree ├── readdirp@2.1.0
63 silly idealTree ├── regex-cache@0.4.3
63 silly idealTree ├── regexp-clone@0.0.1
63 silly idealTree ├── registry-url@3.1.0
63 silly idealTree ├── remove-trailing-separator@1.0.2
63 silly idealTree ├── repeat-element@1.1.2
63 silly idealTree ├── repeat-string@1.6.1
63 silly idealTree ├── repeating@1.1.3
63 silly idealTree ├─┬ request@2.81.0
63 silly idealTree │ └── uuid@3.1.0
63 silly idealTree ├── require_optional@1.0.1
63 silly idealTree ├── resolve-from@2.0.0
63 silly idealTree ├── safe-buffer@5.1.1
63 silly idealTree ├── semver-diff@2.1.0
63 silly idealTree ├── semver@5.3.0
63 silly idealTree ├── send@0.15.3
63 silly idealTree ├── serve-static@1.12.3
63 silly idealTree ├── set-immediate-shim@1.0.1
63 silly idealTree ├── setprototypeof@1.0.3
63 silly idealTree ├── signalr-client@0.0.17
63 silly idealTree ├── sliced@1.0.1
63 silly idealTree ├── slide@1.1.6
63 silly idealTree ├── sntp@1.0.9
63 silly idealTree ├── split@0.3.3
63 silly idealTree ├── sshpk@1.13.1
63 silly idealTree ├── statuses@1.3.1
63 silly idealTree ├── stream-combiner@0.0.4
63 silly idealTree ├── stream-shift@1.0.0
63 silly idealTree ├── string_decoder@1.0.3
63 silly idealTree ├── string-length@1.0.1
63 silly idealTree ├── stringstream@0.0.5
63 silly idealTree ├── strip-ansi@3.0.1
63 silly idealTree ├── strip-json-comments@2.0.1
63 silly idealTree ├── supports-color@2.0.0
63 silly idealTree ├── through@2.3.8
63 silly idealTree ├── timed-out@2.0.0
63 silly idealTree ├── topo@1.1.0
63 silly idealTree ├── touch@1.0.0
63 silly idealTree ├── tough-cookie@2.3.2
63 silly idealTree ├── tunnel-agent@0.6.0
63 silly idealTree ├── tweetnacl@0.14.5
63 silly idealTree ├── type-is@1.6.15
63 silly idealTree ├── typedarray-to-buffer@3.1.2
63 silly idealTree ├── undefsafe@0.0.3
63 silly idealTree ├── unpipe@1.0.0
63 silly idealTree ├── update-notifier@0.5.0
63 silly idealTree ├── util-deprecate@1.0.2
63 silly idealTree ├── utils-merge@1.0.0
63 silly idealTree ├── uuid@2.0.3
63 silly idealTree ├── vary@1.1.1
63 silly idealTree ├── verror@1.10.0
63 silly idealTree ├── websocket@1.0.24
63 silly idealTree ├── wrappy@1.0.2
63 silly idealTree ├── write-file-atomic@1.3.4
63 silly idealTree ├── xdg-basedir@2.0.0
63 silly idealTree ├── xtend@4.0.1
63 silly idealTree └── yaeti@0.0.6
64 silly generateActionsToTake Starting
65 silly install generateActionsToTake
66 silly generateActionsToTake Finishing
67 silly diffTrees action count 1
68 silly diffTrees add memwatch@0.2.2
69 silly decomposeActions action count 8
70 silly decomposeActions fetch memwatch@0.2.2
71 silly decomposeActions extract memwatch@0.2.2
72 silly decomposeActions test memwatch@0.2.2
73 silly decomposeActions preinstall memwatch@0.2.2
74 silly decomposeActions build memwatch@0.2.2
75 silly decomposeActions install memwatch@0.2.2
76 silly decomposeActions postinstall memwatch@0.2.2
77 silly decomposeActions finalize memwatch@0.2.2
78 silly runTopLevelLifecycles Starting
79 silly executeActions Starting
80 silly install executeActions
81 silly doSerial global-install 0
82 silly doParallel fetch 1
83 verbose correctMkdir /Users/haihuynh/.npm/_locks correctMkdir not in flight; initializing
84 verbose lock using /Users/haihuynh/.npm/_locks/staging-d986026dccd8d6da.lock for /Users/haihuynh/Desktop/desktop/server/node_modules/.staging
85 silly doParallel extract 1
86 silly extract memwatch@0.2.2
87 verbose unbuild node_modules/.staging/memwatch-199e4f22
88 silly gentlyRm /Users/haihuynh/Desktop/desktop/server/node_modules/.staging/memwatch-199e4f22 is being purged from base /Users/haihuynh/Desktop/desktop/server
89 verbose gentlyRm don't care about contents; nuking /Users/haihuynh/Desktop/desktop/server/node_modules/.staging/memwatch-199e4f22
90 verbose tar unpack /Users/haihuynh/.npm/memwatch/0.2.2/package.tgz
91 verbose tar unpacking to /Users/haihuynh/Desktop/desktop/server/node_modules/.staging/memwatch-199e4f22
92 silly gentlyRm /Users/haihuynh/Desktop/desktop/server/node_modules/.staging/memwatch-199e4f22 is being purged
93 verbose gentlyRm don't care about contents; nuking /Users/haihuynh/Desktop/desktop/server/node_modules/.staging/memwatch-199e4f22
94 silly gunzTarPerm modes [ '755', '644' ]
95 silly gunzTarPerm extractEntry package.json
96 silly gunzTarPerm extractEntry .npmignore
97 silly gunzTarPerm extractEntry README.md
98 silly gunzTarPerm extractEntry tests.js
99 silly gunzTarPerm extractEntry foo.js
100 silly gunzTarPerm extractEntry include.js
101 silly gunzTarPerm extractEntry .travis.yml
102 silly gunzTarPerm extractEntry ChangeLog
103 silly gunzTarPerm extractEntry #wscript#
104 silly gunzTarPerm extractEntry binding.gyp
105 silly gunzTarPerm extractEntry src/heapdiff.cc
106 silly gunzTarPerm extractEntry src/heapdiff.hh
107 silly gunzTarPerm extractEntry src/init.cc
108 silly gunzTarPerm extractEntry src/memwatch.cc
109 silly gunzTarPerm extractEntry src/memwatch.hh
110 silly gunzTarPerm extractEntry src/platformcompat.hh
111 silly gunzTarPerm extractEntry src/util.cc
112 silly gunzTarPerm extractEntry src/util.hh
113 silly gunzTarPerm extractEntry examples/basic_heapdiff.js
114 silly gunzTarPerm extractEntry examples/do_nothing_server.js
115 silly gunzTarPerm extractEntry examples/slightly_leaky.js
116 silly gentlyRm /Users/haihuynh/Desktop/desktop/server/node_modules/.staging/memwatch-199e4f22/node_modules is being purged
117 verbose gentlyRm don't care about contents; nuking /Users/haihuynh/Desktop/desktop/server/node_modules/.staging/memwatch-199e4f22/node_modules
118 silly doParallel preinstall 1
119 silly preinstall memwatch@0.2.2 /Users/haihuynh/Desktop/desktop/server/node_modules/.staging/memwatch-199e4f22
120 info lifecycle memwatch@0.2.2~preinstall: memwatch@0.2.2
121 silly lifecycle memwatch@0.2.2~preinstall: no script for preinstall, continuing
122 silly doReverseSerial remove 0
123 silly doSerial move 0
124 silly doSerial finalize 1
125 silly finalize /Users/haihuynh/Desktop/desktop/server/node_modules/memwatch
126 silly doSerial build 1
127 silly build memwatch@0.2.2
128 info linkStuff memwatch@0.2.2
129 silly linkStuff memwatch@0.2.2 has /Users/haihuynh/Desktop/desktop/server/node_modules as its parent node_modules
130 verbose linkBins memwatch@0.2.2
131 verbose linkMans memwatch@0.2.2
132 silly doSerial global-link 0
133 silly doParallel update-linked 0
134 silly doSerial install 1
135 silly install memwatch@0.2.2 /Users/haihuynh/Desktop/desktop/server/node_modules/.staging/memwatch-199e4f22
136 info lifecycle memwatch@0.2.2~install: memwatch@0.2.2
137 verbose lifecycle memwatch@0.2.2~install: unsafe-perm in lifecycle true
138 verbose lifecycle memwatch@0.2.2~install: PATH: /usr/local/lib/node_modules/npm/bin/node-gyp-bin:/Users/haihuynh/Desktop/desktop/server/node_modules/memwatch/node_modules/.bin:/Users/haihuynh/Desktop/desktop/server/node_modules/.bin:/usr/local/Cellar/node/7.1.0/bin:/usr/local/bin:/usr/bin:/bin:/usr/sbin:/sbin:/Library/Frameworks/Mono.framework/Versions/Current/Commands:/Applications/Wireshark.app/Contents/MacOS
139 verbose lifecycle memwatch@0.2.2~install: CWD: /Users/haihuynh/Desktop/desktop/server/node_modules/memwatch
140 silly lifecycle memwatch@0.2.2~install: Args: [ '-c', 'node-gyp rebuild' ]
141 silly lifecycle memwatch@0.2.2~install: Returned: code: 1  signal: null
142 info lifecycle memwatch@0.2.2~install: Failed to exec install script
143 verbose unlock done using /Users/haihuynh/.npm/_locks/staging-d986026dccd8d6da.lock for /Users/haihuynh/Desktop/desktop/server/node_modules/.staging
144 silly rollbackFailedOptional Starting
145 silly rollbackFailedOptional Finishing
146 silly runTopLevelLifecycles Finishing
147 silly install printInstalled
148 warn trade@1.0.0 No description
149 verbose If you need help, you may report this error at:
149 verbose     <https://github.com/npm/npm/issues>
150 verbose stack Error: memwatch@0.2.2 install: `node-gyp rebuild`
150 verbose stack Exit status 1
150 verbose stack     at EventEmitter.<anonymous> (/usr/local/lib/node_modules/npm/lib/utils/lifecycle.js:255:16)
150 verbose stack     at emitTwo (events.js:106:13)
150 verbose stack     at EventEmitter.emit (events.js:191:7)
150 verbose stack     at ChildProcess.<anonymous> (/usr/local/lib/node_modules/npm/lib/utils/spawn.js:40:14)
150 verbose stack     at emitTwo (events.js:106:13)
150 verbose stack     at ChildProcess.emit (events.js:191:7)
150 verbose stack     at maybeClose (internal/child_process.js:885:16)
150 verbose stack     at Process.ChildProcess._handle.onexit (internal/child_process.js:226:5)
151 verbose pkgid memwatch@0.2.2
152 verbose cwd /Users/haihuynh/Desktop/desktop/server
153 error Darwin 16.6.0
154 error argv "/usr/local/Cellar/node/7.1.0/bin/node" "/usr/local/bin/npm" "install" "memwatch"
155 error node v7.1.0
156 error npm  v3.10.9
157 error code ELIFECYCLE
158 error memwatch@0.2.2 install: `node-gyp rebuild`
158 error Exit status 1
159 error Failed at the memwatch@0.2.2 install script 'node-gyp rebuild'.
159 error Make sure you have the latest version of node.js and npm installed.
159 error If you do, this is most likely a problem with the memwatch package,
159 error not with npm itself.
159 error Tell the author that this fails on your system:
159 error     node-gyp rebuild
159 error You can get information on how to open an issue for this project with:
159 error     npm bugs memwatch
159 error Or if that isn't available, you can get their info via:
159 error     npm owner ls memwatch
159 error There is likely additional logging output above.
160 verbose exit [ 1, true ]
